<?xml version="1.0" encoding="UTF-8"?>
<!-- Generated by org.testng.reporters.JUnitReportReporter -->
<testsuite hostname="LAPTOP-4U8RJSV1" failures="0" tests="3" name="com.qa.tests.UpdateItemTests" time="0.073" errors="0" timestamp="2025-07-29T18:00:47 BST" skipped="0">
  <testcase classname="com.qa.tests.UpdateItemTests" name="updateItemWithoutkName" time="0.023"/>
  <testcase classname="com.qa.tests.UpdateItemTests" name="updateItemWithInvalidId" time="0.025"/>
  <testcase classname="com.qa.tests.UpdateItemTests" name="updateValidItem" time="0.025"/>
</testsuite> <!-- com.qa.tests.UpdateItemTests -->
