<?xml version="1.0" encoding="UTF-8"?>
<!-- Generated by org.testng.reporters.JUnitReportReporter -->
<testsuite hostname="LAPTOP-4U8RJSV1" failures="0" tests="2" name="com.qa.tests.CreateItemTests" time="0.080" errors="0" timestamp="2025-07-29T18:00:47 BST" skipped="0">
  <testcase classname="com.qa.tests.CreateItemTests" name="createValidItem" time="0.054"/>
  <testcase classname="com.qa.tests.CreateItemTests" name="createItemWithBlankName" time="0.026"/>
</testsuite> <!-- com.qa.tests.CreateItemTests -->
