<?xml version="1.0" encoding="UTF-8"?>
<!-- Generated by org.testng.reporters.JUnitReportReporter -->
<testsuite hostname="LAPTOP-4U8RJSV1" failures="0" tests="2" name="com.qa.tests.DeleteItemTests" time="0.067" errors="0" timestamp="2025-07-29T18:05:17 BST" skipped="0">
  <testcase classname="com.qa.tests.DeleteItemTests" name="deleteValidItem" time="0.037"/>
  <testcase classname="com.qa.tests.DeleteItemTests" name="deleteinvalidItem" time="0.030"/>
</testsuite> <!-- com.qa.tests.DeleteItemTests -->
