<?xml version="1.0" encoding="UTF-8"?>
<!-- Generated by org.testng.reporters.JUnitReportReporter -->
<testsuite hostname="LAPTOP-4U8RJSV1" failures="0" tests="2" name="com.qa.tests.DeleteItemTests" time="0.082" errors="0" timestamp="2025-07-29T18:00:47 BST" skipped="0">
  <testcase classname="com.qa.tests.DeleteItemTests" name="deleteinvalidItem" time="0.044"/>
  <testcase classname="com.qa.tests.DeleteItemTests" name="deleteValidItem" time="0.038"/>
</testsuite> <!-- com.qa.tests.DeleteItemTests -->
