<?xml version="1.0" encoding="UTF-8"?>
<!-- Generated by org.testng.reporters.JUnitReportReporter -->
<testsuite hostname="LAPTOP-4U8RJSV1" failures="0" tests="2" name="com.qa.tests.LoginTests" time="2.280" errors="0" timestamp="2025-07-29T18:05:17 BST" skipped="0">
  <testcase classname="com.qa.tests.LoginTests" name="testValidLogin" time="0.035"/>
  <testcase classname="com.qa.tests.LoginTests" name="testInvalidLogin" time="2.245"/>
</testsuite> <!-- com.qa.tests.LoginTests -->
