<?xml version="1.0" encoding="UTF-8"?>
<!-- Generated by org.testng.reporters.JUnitReportReporter -->
<testsuite hostname="LAPTOP-4U8RJSV1" failures="0" tests="2" name="com.qa.tests.GetItemsTests" time="0.147" errors="0" timestamp="2025-07-29T18:05:17 BST" skipped="0">
  <testcase classname="com.qa.tests.GetItemsTests" name="getItemsNegative" time="0.098"/>
  <testcase classname="com.qa.tests.GetItemsTests" name="getItems" time="0.049"/>
</testsuite> <!-- com.qa.tests.GetItemsTests -->
